<?xml version="1.0" encoding="UTF-8"?>
<testsuite xmlns:xsi="http://www.w3.org/2001/XMLSchema-instance" xsi:noNamespaceSchemaLocation="https://maven.apache.org/surefire/maven-surefire-plugin/xsd/surefire-test-report-3.0.xsd" version="3.0" name="com.MovieApps.UserControllerTest" time="2.226" tests="20" errors="0" skipped="0" failures="0">
  <properties>
[...]
</properties>
  <testcase name="testLoginUserWithInvalidCredentials" classname="com.MovieApps.UserControllerTest" time="1.66"/>
  <testcase name="testResetPasswordWithInvalidCredentials" classname="com.MovieApps.UserControllerTest" time="0.008"/>
  <testcase name="testResetPasswordWithValidCredentials" classname="com.MovieApps.UserControllerTest" time="0.007"/>
  <testcase name="testLoginUserWithValidCredentials" classname="com.MovieApps.UserControllerTest" time="0.394">
    <system-out><![CDATA[Generated token: eyJhbGciOiJIUzUxMiJ9.eyJpYXQiOjE2ODc1MTcyNTcsImV4cCI6MTY4NzUxNzI1N30.zzkYMsbKaMiVBSlOWsov2yeMi4HaDW9ZSQu73d3ffXuPFLye-5L_4gXblo-MWghX5W-PulEQm2MeR261eLmWGQ
]]></system-out>
  </testcase>
  <testcase name="testRegisterUser" classname="com.MovieApps.UserControllerTest" time="0.006"/>
  <testcase name="testDeleteMovieWithNonExistingMovie" classname="com.MovieApps.UserControllerTest" time="0.022"/>
  <testcase name="testAddMovie" classname="com.MovieApps.UserControllerTest" time="0.006"/>
  <testcase name="testDeleteMovieWithExistingMovie" classname="com.MovieApps.UserControllerTest" time="0.005"/>
  <testcase name="resetPassword_UserNotFound_ReturnsNotFoundResponse1" classname="com.MovieApps.UserControllerTest" time="0.005"/>
  <testcase name="getAllMovies_ReturnsListOfMovies" classname="com.MovieApps.UserControllerTest" time="0.005"/>
  <testcase name="loginUser_InvalidCredentials_ReturnsUnauthorizedResponse" classname="com.MovieApps.UserControllerTest" time="0.004"/>
  <testcase name="resetPassword_UserNotFound_ReturnsNotFoundResponse" classname="com.MovieApps.UserControllerTest" time="0.003"/>
  <testcase name="testGetAllMovies" classname="com.MovieApps.UserControllerTest" time="0.004"/>
  <testcase name="registerUser_InvalidUser_ReturnsBadRequestResponse" classname="com.MovieApps.UserControllerTest" time="0.006"/>
  <testcase name="testDeleteMovie_NotFoundException" classname="com.MovieApps.UserControllerTest" time="0.004"/>
  <testcase name="testSearchMovies" classname="com.MovieApps.UserControllerTest" time="0.004"/>
  <testcase name="searchMovies_ReturnsListOfMatchingMovies" classname="com.MovieApps.UserControllerTest" time="0.004"/>
  <testcase name="testDeleteMovie_Success" classname="com.MovieApps.UserControllerTest" time="0.003"/>
  <testcase name="registerUser_ValidUser_ReturnsOkResponseWithRegisteredUser" classname="com.MovieApps.UserControllerTest" time="0.004"/>
  <testcase name="testDeleteMovie_Exception" classname="com.MovieApps.UserControllerTest" time="0.004"/>
</testsuite>